2026-03-30 10:00:01 INFO  Application started successfully
2026-03-30 10:00:02 INFO  Initializing modules
2026-03-30 10:00:03 INFO  Database connection established

2026-03-30 10:01:10 WARN  Slow response detected: /api/users took 1200ms
2026-03-30 10:01:12 INFO  Request completed: GET /api/users 200 OK

2026-03-30 10:02:05 ERROR Failed to connect to Redis cache
2026-03-30 10:02:06 ERROR Failed to connect to Redis cache
2026-03-30 10:02:07 ERROR Failed to connect to Redis cache

2026-03-30 10:03:20 INFO  User login successful: userId=1023
2026-03-30 10:03:25 WARN  Memory usage high: 78%

2026-03-30 10:04:10 ERROR NullReferenceException at UserService.cs:45
StackTrace:
   at UserService.GetUser()
   at UserController.Get()

2026-03-30 10:05:15 INFO  Request completed: POST /api/orders 201 Created
2026-03-30 10:05:20 WARN  Slow response detected: /api/orders took 1800ms

2026-03-30 10:06:00 INFO  Scheduled job started: CleanupTask
2026-03-30 10:06:05 ERROR TimeoutException while processing CleanupTask

2026-03-30 10:07:30 INFO  Request completed: GET /api/products 200 OK
2026-03-30 10:07:45 WARN  Disk space low: 12% remaining

2026-03-30 10:08:10 ERROR Database deadlock detected on Orders table
2026-03-30 10:08:12 ERROR Database deadlock detected on Orders table

2026-03-30 10:09:00 INFO  User logout: userId=1023

2026-03-30 10:10:00 INFO  Request completed: GET /api/reports 200 OK
2026-03-30 10:10:05 WARN  Slow response detected: /api/reports took 2500ms

2026-03-30 10:11:30 ERROR Unauthorized access attempt detected from IP 192.168.1.15

2026-03-30 10:12:00 INFO  Application running normally

# Edge cases
2026-03-30 10:13:00 ERROR
2026-03-30 10:13:05 WARN  Missing data in log entry
INVALID LOG LINE WITHOUT FORMAT
2026-03-30 10:13:10 INFO  Request completed: GET /api/test 200 OK
